2024-03-25 01:40:38.161 [main] INFO  c.e.f.FinanceTrackerApplication - Starting FinanceTrackerApplication using Java 21.0.2 with PID 9041 (/home/silenth/IdeaProjects/Finance_Tracker/build/classes/java/main started by silenth in /home/silenth/IdeaProjects/Finance_Tracker)
2024-03-25 01:40:38.162 [main] INFO  c.e.f.FinanceTrackerApplication - No active profile set, falling back to 1 default profile: "default"
2024-03-25 01:40:38.543 [main] INFO  o.s.d.r.c.RepositoryConfigurationDelegate - Bootstrapping Spring Data JPA repositories in DEFAULT mode.
2024-03-25 01:40:38.575 [main] INFO  o.s.d.r.c.RepositoryConfigurationDelegate - Finished Spring Data repository scanning in 27 ms. Found 3 JPA repository interfaces.
2024-03-25 01:40:38.826 [main] INFO  o.s.b.w.e.tomcat.TomcatWebServer - Tomcat initialized with port 8080 (http)
2024-03-25 01:40:38.832 [main] INFO  o.a.coyote.http11.Http11NioProtocol - Initializing ProtocolHandler ["http-nio-8080"]
2024-03-25 01:40:38.833 [main] INFO  o.a.catalina.core.StandardService - Starting service [Tomcat]
2024-03-25 01:40:38.833 [main] INFO  o.a.catalina.core.StandardEngine - Starting Servlet engine: [Apache Tomcat/10.1.19]
2024-03-25 01:40:38.869 [main] INFO  o.a.c.c.C.[Tomcat].[localhost].[/] - Initializing Spring embedded WebApplicationContext
2024-03-25 01:40:38.869 [main] INFO  o.s.b.w.s.c.ServletWebServerApplicationContext - Root WebApplicationContext: initialization completed in 681 ms
2024-03-25 01:40:38.947 [main] INFO  o.h.jpa.internal.util.LogHelper - HHH000204: Processing PersistenceUnitInfo [name: default]
2024-03-25 01:40:38.973 [main] INFO  org.hibernate.Version - HHH000412: Hibernate ORM core version 6.4.4.Final
2024-03-25 01:40:38.988 [main] INFO  o.h.c.i.RegionFactoryInitiator - HHH000026: Second-level cache disabled
2024-03-25 01:40:39.112 [main] INFO  o.s.o.j.p.SpringPersistenceUnitInfo - No LoadTimeWeaver setup: ignoring JPA class transformer
2024-03-25 01:40:39.126 [main] INFO  com.zaxxer.hikari.HikariDataSource - HikariPool-1 - Starting...
2024-03-25 01:40:39.301 [main] INFO  com.zaxxer.hikari.pool.HikariPool - HikariPool-1 - Added connection org.postgresql.jdbc.PgConnection@5f7cd50e
2024-03-25 01:40:39.302 [main] INFO  com.zaxxer.hikari.HikariDataSource - HikariPool-1 - Start completed.
2024-03-25 01:40:39.317 [main] WARN  org.hibernate.orm.deprecation - HHH90000025: PostgreSQLDialect does not need to be specified explicitly using 'hibernate.dialect' (remove the property setting and it will be selected by default)
2024-03-25 01:40:39.818 [main] INFO  o.h.e.t.j.p.i.JtaPlatformInitiator - HHH000489: No JTA platform available (set 'hibernate.transaction.jta.platform' to enable JTA platform integration)
2024-03-25 01:40:39.864 [main] INFO  o.s.o.j.LocalContainerEntityManagerFactoryBean - Initialized JPA EntityManagerFactory for persistence unit 'default'
2024-03-25 01:40:39.998 [main] INFO  o.s.d.j.r.query.QueryEnhancerFactory - Hibernate is in classpath; If applicable, HQL parser will be used.
2024-03-25 01:40:40.312 [main] WARN  o.s.b.a.o.j.JpaBaseConfiguration$JpaWebConfiguration - spring.jpa.open-in-view is enabled by default. Therefore, database queries may be performed during view rendering. Explicitly configure spring.jpa.open-in-view to disable this warning
2024-03-25 01:40:40.579 [main] INFO  o.a.coyote.http11.Http11NioProtocol - Starting ProtocolHandler ["http-nio-8080"]
2024-03-25 01:40:40.587 [main] INFO  o.s.b.w.e.tomcat.TomcatWebServer - Tomcat started on port 8080 (http) with context path ''
2024-03-25 01:40:40.592 [main] INFO  c.e.f.FinanceTrackerApplication - Started FinanceTrackerApplication in 2.673 seconds (process running for 3.011)
2024-03-25 01:42:32.626 [http-nio-8080-exec-1] INFO  o.a.c.c.C.[Tomcat].[localhost].[/] - Initializing Spring DispatcherServlet 'dispatcherServlet'
2024-03-25 01:42:32.626 [http-nio-8080-exec-1] INFO  o.s.web.servlet.DispatcherServlet - Initializing Servlet 'dispatcherServlet'
2024-03-25 01:42:32.627 [http-nio-8080-exec-1] INFO  o.s.web.servlet.DispatcherServlet - Completed initialization in 1 ms
2024-03-25 01:42:32.649 [http-nio-8080-exec-1] INFO  c.e.f.service.TrackerService - Finding transactions by user username: silenth
2024-03-25 01:42:32.649 [http-nio-8080-exec-1] INFO  c.e.f.service.TrackerService - Transactions by user username silenth not found in cache, retrieving from database
2024-03-25 01:42:32.713 [http-nio-8080-exec-1] INFO  c.e.f.service.TrackerService - Transactions by user username silenth retrieved from database, adding to cache
2024-03-25 01:42:58.966 [http-nio-8080-exec-2] INFO  c.e.f.service.TrackerService - Finding transactions by user username: silenth
2024-03-25 01:42:58.966 [http-nio-8080-exec-2] INFO  c.e.f.service.TrackerService - Retrieving transactions by user username silenth from cache
2024-03-25 01:46:06.013 [SpringApplicationShutdownHook] INFO  o.s.o.j.LocalContainerEntityManagerFactoryBean - Closing JPA EntityManagerFactory for persistence unit 'default'
2024-03-25 01:46:06.014 [SpringApplicationShutdownHook] INFO  com.zaxxer.hikari.HikariDataSource - HikariPool-1 - Shutdown initiated...
2024-03-25 01:46:06.018 [SpringApplicationShutdownHook] INFO  com.zaxxer.hikari.HikariDataSource - HikariPool-1 - Shutdown completed.
2024-03-25 01:46:42.460 [main] INFO  c.e.f.FinanceTrackerApplication - Starting FinanceTrackerApplication using Java 21.0.2 with PID 10550 (/home/silenth/IdeaProjects/Finance_Tracker/build/classes/java/main started by silenth in /home/silenth/IdeaProjects/Finance_Tracker)
2024-03-25 01:46:42.461 [main] INFO  c.e.f.FinanceTrackerApplication - No active profile set, falling back to 1 default profile: "default"
2024-03-25 01:46:42.858 [main] INFO  o.s.d.r.c.RepositoryConfigurationDelegate - Bootstrapping Spring Data JPA repositories in DEFAULT mode.
2024-03-25 01:46:42.890 [main] INFO  o.s.d.r.c.RepositoryConfigurationDelegate - Finished Spring Data repository scanning in 27 ms. Found 3 JPA repository interfaces.
2024-03-25 01:46:43.147 [main] INFO  o.s.b.w.e.tomcat.TomcatWebServer - Tomcat initialized with port 8080 (http)
2024-03-25 01:46:43.153 [main] INFO  o.a.coyote.http11.Http11NioProtocol - Initializing ProtocolHandler ["http-nio-8080"]
2024-03-25 01:46:43.154 [main] INFO  o.a.catalina.core.StandardService - Starting service [Tomcat]
2024-03-25 01:46:43.154 [main] INFO  o.a.catalina.core.StandardEngine - Starting Servlet engine: [Apache Tomcat/10.1.19]
2024-03-25 01:46:43.181 [main] INFO  o.a.c.c.C.[Tomcat].[localhost].[/] - Initializing Spring embedded WebApplicationContext
2024-03-25 01:46:43.182 [main] INFO  o.s.b.w.s.c.ServletWebServerApplicationContext - Root WebApplicationContext: initialization completed in 691 ms
2024-03-25 01:46:43.287 [main] INFO  o.h.jpa.internal.util.LogHelper - HHH000204: Processing PersistenceUnitInfo [name: default]
2024-03-25 01:46:43.319 [main] INFO  org.hibernate.Version - HHH000412: Hibernate ORM core version 6.4.4.Final
2024-03-25 01:46:43.339 [main] INFO  o.h.c.i.RegionFactoryInitiator - HHH000026: Second-level cache disabled
2024-03-25 01:46:43.493 [main] INFO  o.s.o.j.p.SpringPersistenceUnitInfo - No LoadTimeWeaver setup: ignoring JPA class transformer
2024-03-25 01:46:43.508 [main] INFO  com.zaxxer.hikari.HikariDataSource - HikariPool-1 - Starting...
2024-03-25 01:46:43.705 [main] INFO  com.zaxxer.hikari.pool.HikariPool - HikariPool-1 - Added connection org.postgresql.jdbc.PgConnection@1d3a03fe
2024-03-25 01:46:43.706 [main] INFO  com.zaxxer.hikari.HikariDataSource - HikariPool-1 - Start completed.
2024-03-25 01:46:43.725 [main] WARN  org.hibernate.orm.deprecation - HHH90000025: PostgreSQLDialect does not need to be specified explicitly using 'hibernate.dialect' (remove the property setting and it will be selected by default)
2024-03-25 01:46:44.325 [main] INFO  o.h.e.t.j.p.i.JtaPlatformInitiator - HHH000489: No JTA platform available (set 'hibernate.transaction.jta.platform' to enable JTA platform integration)
2024-03-25 01:46:44.372 [main] INFO  o.s.o.j.LocalContainerEntityManagerFactoryBean - Initialized JPA EntityManagerFactory for persistence unit 'default'
2024-03-25 01:46:44.526 [main] INFO  o.s.d.j.r.query.QueryEnhancerFactory - Hibernate is in classpath; If applicable, HQL parser will be used.
2024-03-25 01:46:44.848 [main] WARN  o.s.b.a.o.j.JpaBaseConfiguration$JpaWebConfiguration - spring.jpa.open-in-view is enabled by default. Therefore, database queries may be performed during view rendering. Explicitly configure spring.jpa.open-in-view to disable this warning
2024-03-25 01:46:45.115 [main] INFO  o.a.coyote.http11.Http11NioProtocol - Starting ProtocolHandler ["http-nio-8080"]
2024-03-25 01:46:45.123 [main] INFO  o.s.b.w.e.tomcat.TomcatWebServer - Tomcat started on port 8080 (http) with context path ''
2024-03-25 01:46:45.129 [main] INFO  c.e.f.FinanceTrackerApplication - Started FinanceTrackerApplication in 2.909 seconds (process running for 3.264)
